<?xml version="1.0" encoding="UTF-8"?>
<!-- Generated by org.testng.reporters.JUnitReportReporter -->
<testsuite hostname="DESKTOP-QDGQPOH" failures="0" tests="3" name="smoke.SmokeTesting" time="0.008" errors="0" timestamp="2020-05-16T12:57:28 PDT" skipped="0">
  <testcase classname="smoke.SmokeTesting" name="Search" time="0.006"/>
  <system-out/>
  <testcase classname="smoke.SmokeTesting" name="f" time="0.000"/>
  <system-out/>
  <testcase classname="smoke.SmokeTesting" name="login" time="0.002"/>
  <system-out/>
</testsuite> <!-- smoke.SmokeTesting -->
