<?xml version="1.0" encoding="UTF-8"?>
<!-- Generated by org.testng.reporters.JUnitReportReporter -->
<testsuite hostname="DESKTOP-QDGQPOH" failures="0" tests="3" name="smoke.SmokeTesting" time="0.008" errors="0" timestamp="2020-05-16T14:29:54 PDT" skipped="0">
  <testcase classname="smoke.SmokeTesting" name="Search" time="0.004"/>
  <system-out/>
  <testcase classname="smoke.SmokeTesting" name="login" time="0.001"/>
  <system-out/>
  <testcase classname="smoke.SmokeTesting" name="f" time="0.003"/>
  <system-out/>
</testsuite> <!-- smoke.SmokeTesting -->
